<?xml version="1.0" encoding="UTF-8"?>
<!-- Generated by org.testng.reporters.JUnitXMLReporter -->
<testsuite ignored="0" hostname="DESKTOP-NOAMFOU" failures="0" tests="4" name="Default test" time="1.28" errors="0" timestamp="2023-12-10T00:15:49 EET">
  <testcase classname="CrudMethodTesting.DatabaseTesting" name="AddOneCustomer" time="0.126"/>
  <testcase classname="CrudMethodTesting.DatabaseTesting" name="UpdateCustomerNumber" time="0.077"/>
  <testcase classname="CrudMethodTesting.DatabaseTesting" name="SelectOneCustomer" time="0.118"/>
  <testcase classname="CrudMethodTesting.DatabaseTesting" name="DeleteCustomer" time="0.074"/>
</testsuite> <!-- Default test -->
