<?xml version="1.0" encoding="UTF-8"?>
<!-- Generated by org.testng.reporters.JUnitXMLReporter -->
<testsuite ignored="1" hostname="DESKTOP-NOAMFOU" failures="1" tests="3" name="Test" time="1.498" errors="0" timestamp="2023-12-10T00:27:57 EET">
  <testcase classname="CrudMethodTesting.DatabaseTesting" name="AddOneCustomer" time="0.56">
    <failure type="java.sql.SQLIntegrityConstraintViolationException" message="Duplicate entry &amp;apos;77&amp;apos; for key &amp;apos;customers.PRIMARY&amp;apos;">
      <![CDATA[java.sql.SQLIntegrityConstraintViolationException: Duplicate entry '77' for key 'customers.PRIMARY'
at com.mysql.cj.jdbc.exceptions.SQLError.createSQLException(SQLError.java:118)
at com.mysql.cj.jdbc.exceptions.SQLExceptionsMapping.translateException(SQLExceptionsMapping.java:122)
at com.mysql.cj.jdbc.StatementImpl.executeUpdateInternal(StatementImpl.java:1335)
at com.mysql.cj.jdbc.StatementImpl.executeLargeUpdate(StatementImpl.java:2081)
at com.mysql.cj.jdbc.StatementImpl.executeUpdate(StatementImpl.java:1246)
at CrudMethodTesting.DatabaseTesting.AddOneCustomer(DatabaseTesting.java:29)
at java.base/java.util.ArrayList.forEach(ArrayList.java:1511)
... Removed 27 stack frames]]>
    </failure>
  </testcase> <!-- AddOneCustomer -->
  <testcase classname="CrudMethodTesting.DatabaseTesting" name="UpdateCustomerNumber" time="0.006"/>
  <testcase classname="CrudMethodTesting.DatabaseTesting" name="SelectOneCustomer" time="0.097"/>
  <testcase classname="CrudMethodTesting.DatabaseTesting" name="DeleteCustomer" time="0.0">
    <ignored/>
  </testcase> <!-- DeleteCustomer -->
</testsuite> <!-- Test -->
